<?xml version="1.0" encoding="UTF-8"?>
<testng-results ignored="0" total="20" passed="20" failed="0" skipped="0">
  <reporter-output>
  </reporter-output>
  <suite started-at="2021-01-30T01:17:17 EST" name="book-flight-module" finished-at="2021-01-30T01:17:47 EST" duration-ms="30064">
    <groups>
    </groups>
    <test started-at="2021-01-30T01:17:17 EST" name="book-flight-3" finished-at="2021-01-30T01:17:45 EST" duration-ms="27749">
      <class name="com.newtours.tests.BookFlightTest">
        <test-method is-config="true" signature="setupDriver(org.testng.ITestContext)[pri:0, instance:com.newtours.tests.BookFlightTest@73302995]" started-at="2021-01-30T01:17:17 EST" name="setupDriver" finished-at="2021-01-30T01:17:20 EST" duration-ms="2865" status="PASS">
          <params>
            <param index="0">
              <value>
                <![CDATA[org.testng.TestRunner@2c07545f]]>
              </value>
            </param>
          </params>
          <reporter-output>
          </reporter-output>
        </test-method> <!-- setupDriver -->
        <test-method is-config="true" signature="setupParameters(java.lang.String, java.lang.String)[pri:0, instance:com.newtours.tests.BookFlightTest@73302995]" started-at="2021-01-30T01:17:20 EST" name="setupParameters" finished-at="2021-01-30T01:17:20 EST" depends-on-methods="com.tests.BaseTest.setupDriver" duration-ms="0" status="PASS">
          <params>
            <param index="0">
              <value>
                <![CDATA[3]]>
              </value>
            </param>
            <param index="1">
              <value>
                <![CDATA[$1753 USD]]>
              </value>
            </param>
          </params>
          <reporter-output>
          </reporter-output>
        </test-method> <!-- setupParameters -->
        <test-method signature="registrationPage()[pri:0, instance:com.newtours.tests.BookFlightTest@73302995]" started-at="2021-01-30T01:17:20 EST" name="registrationPage" finished-at="2021-01-30T01:17:34 EST" duration-ms="14201" status="PASS">
          <reporter-output>
          </reporter-output>
        </test-method> <!-- registrationPage -->
        <test-method signature="registrationConfirmationPage()[pri:0, instance:com.newtours.tests.BookFlightTest@73302995]" started-at="2021-01-30T01:17:34 EST" name="registrationConfirmationPage" finished-at="2021-01-30T01:17:35 EST" depends-on-methods="com.newtours.tests.BookFlightTest.registrationPage" duration-ms="1035" status="PASS">
          <reporter-output>
          </reporter-output>
        </test-method> <!-- registrationConfirmationPage -->
        <test-method signature="flightDetailsPage()[pri:0, instance:com.newtours.tests.BookFlightTest@73302995]" started-at="2021-01-30T01:17:35 EST" name="flightDetailsPage" finished-at="2021-01-30T01:17:39 EST" depends-on-methods="com.newtours.tests.BookFlightTest.registrationConfirmationPage" duration-ms="3040" status="PASS">
          <reporter-output>
          </reporter-output>
        </test-method> <!-- flightDetailsPage -->
        <test-method signature="findFlightPage()[pri:0, instance:com.newtours.tests.BookFlightTest@73302995]" started-at="2021-01-30T01:17:39 EST" name="findFlightPage" finished-at="2021-01-30T01:17:42 EST" depends-on-methods="com.newtours.tests.BookFlightTest.flightDetailsPage" duration-ms="3507" status="PASS">
          <reporter-output>
          </reporter-output>
        </test-method> <!-- findFlightPage -->
        <test-method signature="flightConfirmationPage()[pri:0, instance:com.newtours.tests.BookFlightTest@73302995]" started-at="2021-01-30T01:17:42 EST" name="flightConfirmationPage" finished-at="2021-01-30T01:17:45 EST" depends-on-methods="com.newtours.tests.BookFlightTest.findFlightPage" duration-ms="2696" status="PASS">
          <reporter-output>
          </reporter-output>
        </test-method> <!-- flightConfirmationPage -->
        <test-method is-config="true" signature="quitDriver()[pri:0, instance:com.newtours.tests.BookFlightTest@73302995]" started-at="2021-01-30T01:17:45 EST" name="quitDriver" finished-at="2021-01-30T01:17:45 EST" duration-ms="346" status="PASS">
          <reporter-output>
          </reporter-output>
        </test-method> <!-- quitDriver -->
      </class> <!-- com.newtours.tests.BookFlightTest -->
    </test> <!-- book-flight-3 -->
    <test started-at="2021-01-30T01:17:17 EST" name="book-flight-1" finished-at="2021-01-30T01:17:46 EST" duration-ms="28310">
      <class name="com.newtours.tests.BookFlightTest">
        <test-method is-config="true" signature="setupDriver(org.testng.ITestContext)[pri:0, instance:com.newtours.tests.BookFlightTest@7aaca91a]" started-at="2021-01-30T01:17:17 EST" name="setupDriver" finished-at="2021-01-30T01:17:20 EST" duration-ms="3154" status="PASS">
          <params>
            <param index="0">
              <value>
                <![CDATA[org.testng.TestRunner@e57b96d]]>
              </value>
            </param>
          </params>
          <reporter-output>
          </reporter-output>
        </test-method> <!-- setupDriver -->
        <test-method is-config="true" signature="setupParameters(java.lang.String, java.lang.String)[pri:0, instance:com.newtours.tests.BookFlightTest@7aaca91a]" started-at="2021-01-30T01:17:20 EST" name="setupParameters" finished-at="2021-01-30T01:17:20 EST" depends-on-methods="com.tests.BaseTest.setupDriver" duration-ms="1" status="PASS">
          <params>
            <param index="0">
              <value>
                <![CDATA[1]]>
              </value>
            </param>
            <param index="1">
              <value>
                <![CDATA[$584 USD]]>
              </value>
            </param>
          </params>
          <reporter-output>
          </reporter-output>
        </test-method> <!-- setupParameters -->
        <test-method signature="registrationPage()[pri:0, instance:com.newtours.tests.BookFlightTest@7aaca91a]" started-at="2021-01-30T01:17:20 EST" name="registrationPage" finished-at="2021-01-30T01:17:35 EST" duration-ms="14222" status="PASS">
          <reporter-output>
          </reporter-output>
        </test-method> <!-- registrationPage -->
        <test-method signature="registrationConfirmationPage()[pri:0, instance:com.newtours.tests.BookFlightTest@7aaca91a]" started-at="2021-01-30T01:17:35 EST" name="registrationConfirmationPage" finished-at="2021-01-30T01:17:36 EST" depends-on-methods="com.newtours.tests.BookFlightTest.registrationPage" duration-ms="940" status="PASS">
          <reporter-output>
          </reporter-output>
        </test-method> <!-- registrationConfirmationPage -->
        <test-method signature="flightDetailsPage()[pri:0, instance:com.newtours.tests.BookFlightTest@7aaca91a]" started-at="2021-01-30T01:17:36 EST" name="flightDetailsPage" finished-at="2021-01-30T01:17:39 EST" depends-on-methods="com.newtours.tests.BookFlightTest.registrationConfirmationPage" duration-ms="3625" status="PASS">
          <reporter-output>
          </reporter-output>
        </test-method> <!-- flightDetailsPage -->
        <test-method signature="findFlightPage()[pri:0, instance:com.newtours.tests.BookFlightTest@7aaca91a]" started-at="2021-01-30T01:17:39 EST" name="findFlightPage" finished-at="2021-01-30T01:17:43 EST" depends-on-methods="com.newtours.tests.BookFlightTest.flightDetailsPage" duration-ms="3632" status="PASS">
          <reporter-output>
          </reporter-output>
        </test-method> <!-- findFlightPage -->
        <test-method signature="flightConfirmationPage()[pri:0, instance:com.newtours.tests.BookFlightTest@7aaca91a]" started-at="2021-01-30T01:17:43 EST" name="flightConfirmationPage" finished-at="2021-01-30T01:17:46 EST" depends-on-methods="com.newtours.tests.BookFlightTest.findFlightPage" duration-ms="2606" status="PASS">
          <reporter-output>
          </reporter-output>
        </test-method> <!-- flightConfirmationPage -->
        <test-method is-config="true" signature="quitDriver()[pri:0, instance:com.newtours.tests.BookFlightTest@7aaca91a]" started-at="2021-01-30T01:17:46 EST" name="quitDriver" finished-at="2021-01-30T01:17:46 EST" duration-ms="113" status="PASS">
          <reporter-output>
          </reporter-output>
        </test-method> <!-- quitDriver -->
      </class> <!-- com.newtours.tests.BookFlightTest -->
    </test> <!-- book-flight-1 -->
    <test started-at="2021-01-30T01:17:17 EST" name="book-flight-2" finished-at="2021-01-30T01:17:47 EST" duration-ms="29801">
      <class name="com.newtours.tests.BookFlightTest">
        <test-method is-config="true" signature="setupDriver(org.testng.ITestContext)[pri:0, instance:com.newtours.tests.BookFlightTest@79dc5318]" started-at="2021-01-30T01:17:17 EST" name="setupDriver" finished-at="2021-01-30T01:17:21 EST" duration-ms="3208" status="PASS">
          <params>
            <param index="0">
              <value>
                <![CDATA[org.testng.TestRunner@602e0143]]>
              </value>
            </param>
          </params>
          <reporter-output>
          </reporter-output>
        </test-method> <!-- setupDriver -->
        <test-method is-config="true" signature="setupParameters(java.lang.String, java.lang.String)[pri:0, instance:com.newtours.tests.BookFlightTest@79dc5318]" started-at="2021-01-30T01:17:21 EST" name="setupParameters" finished-at="2021-01-30T01:17:21 EST" depends-on-methods="com.tests.BaseTest.setupDriver" duration-ms="1" status="PASS">
          <params>
            <param index="0">
              <value>
                <![CDATA[2]]>
              </value>
            </param>
            <param index="1">
              <value>
                <![CDATA[$1169 USD]]>
              </value>
            </param>
          </params>
          <reporter-output>
          </reporter-output>
        </test-method> <!-- setupParameters -->
        <test-method signature="registrationPage()[pri:0, instance:com.newtours.tests.BookFlightTest@79dc5318]" started-at="2021-01-30T01:17:21 EST" name="registrationPage" finished-at="2021-01-30T01:17:35 EST" duration-ms="14766" status="PASS">
          <reporter-output>
          </reporter-output>
        </test-method> <!-- registrationPage -->
        <test-method signature="registrationConfirmationPage()[pri:0, instance:com.newtours.tests.BookFlightTest@79dc5318]" started-at="2021-01-30T01:17:35 EST" name="registrationConfirmationPage" finished-at="2021-01-30T01:17:37 EST" depends-on-methods="com.newtours.tests.BookFlightTest.registrationPage" duration-ms="1604" status="PASS">
          <reporter-output>
          </reporter-output>
        </test-method> <!-- registrationConfirmationPage -->
        <test-method signature="flightDetailsPage()[pri:0, instance:com.newtours.tests.BookFlightTest@79dc5318]" started-at="2021-01-30T01:17:37 EST" name="flightDetailsPage" finished-at="2021-01-30T01:17:42 EST" depends-on-methods="com.newtours.tests.BookFlightTest.registrationConfirmationPage" duration-ms="4954" status="PASS">
          <reporter-output>
          </reporter-output>
        </test-method> <!-- flightDetailsPage -->
        <test-method signature="findFlightPage()[pri:0, instance:com.newtours.tests.BookFlightTest@79dc5318]" started-at="2021-01-30T01:17:42 EST" name="findFlightPage" finished-at="2021-01-30T01:17:46 EST" depends-on-methods="com.newtours.tests.BookFlightTest.flightDetailsPage" duration-ms="3959" status="PASS">
          <reporter-output>
          </reporter-output>
        </test-method> <!-- findFlightPage -->
        <test-method signature="flightConfirmationPage()[pri:0, instance:com.newtours.tests.BookFlightTest@79dc5318]" started-at="2021-01-30T01:17:46 EST" name="flightConfirmationPage" finished-at="2021-01-30T01:17:47 EST" depends-on-methods="com.newtours.tests.BookFlightTest.findFlightPage" duration-ms="1132" status="PASS">
          <reporter-output>
          </reporter-output>
        </test-method> <!-- flightConfirmationPage -->
        <test-method is-config="true" signature="quitDriver()[pri:0, instance:com.newtours.tests.BookFlightTest@79dc5318]" started-at="2021-01-30T01:17:47 EST" name="quitDriver" finished-at="2021-01-30T01:17:47 EST" duration-ms="161" status="PASS">
          <reporter-output>
          </reporter-output>
        </test-method> <!-- quitDriver -->
      </class> <!-- com.newtours.tests.BookFlightTest -->
    </test> <!-- book-flight-2 -->
    <test started-at="2021-01-30T01:17:17 EST" name="book-flight-4" finished-at="2021-01-30T01:17:47 EST" duration-ms="30060">
      <class name="com.newtours.tests.BookFlightTest">
        <test-method is-config="true" signature="setupDriver(org.testng.ITestContext)[pri:0, instance:com.newtours.tests.BookFlightTest@44d52de2]" started-at="2021-01-30T01:17:17 EST" name="setupDriver" finished-at="2021-01-30T01:17:21 EST" duration-ms="3253" status="PASS">
          <params>
            <param index="0">
              <value>
                <![CDATA[org.testng.TestRunner@63fbfaeb]]>
              </value>
            </param>
          </params>
          <reporter-output>
          </reporter-output>
        </test-method> <!-- setupDriver -->
        <test-method is-config="true" signature="setupParameters(java.lang.String, java.lang.String)[pri:0, instance:com.newtours.tests.BookFlightTest@44d52de2]" started-at="2021-01-30T01:17:21 EST" name="setupParameters" finished-at="2021-01-30T01:17:21 EST" depends-on-methods="com.tests.BaseTest.setupDriver" duration-ms="1" status="PASS">
          <params>
            <param index="0">
              <value>
                <![CDATA[4]]>
              </value>
            </param>
            <param index="1">
              <value>
                <![CDATA[$2338 USD]]>
              </value>
            </param>
          </params>
          <reporter-output>
          </reporter-output>
        </test-method> <!-- setupParameters -->
        <test-method signature="registrationPage()[pri:0, instance:com.newtours.tests.BookFlightTest@44d52de2]" started-at="2021-01-30T01:17:21 EST" name="registrationPage" finished-at="2021-01-30T01:17:35 EST" duration-ms="14905" status="PASS">
          <reporter-output>
          </reporter-output>
        </test-method> <!-- registrationPage -->
        <test-method signature="registrationConfirmationPage()[pri:0, instance:com.newtours.tests.BookFlightTest@44d52de2]" started-at="2021-01-30T01:17:35 EST" name="registrationConfirmationPage" finished-at="2021-01-30T01:17:37 EST" depends-on-methods="com.newtours.tests.BookFlightTest.registrationPage" duration-ms="1252" status="PASS">
          <reporter-output>
          </reporter-output>
        </test-method> <!-- registrationConfirmationPage -->
        <test-method signature="flightDetailsPage()[pri:0, instance:com.newtours.tests.BookFlightTest@44d52de2]" started-at="2021-01-30T01:17:37 EST" name="flightDetailsPage" finished-at="2021-01-30T01:17:41 EST" depends-on-methods="com.newtours.tests.BookFlightTest.registrationConfirmationPage" duration-ms="4505" status="PASS">
          <reporter-output>
          </reporter-output>
        </test-method> <!-- flightDetailsPage -->
        <test-method signature="findFlightPage()[pri:0, instance:com.newtours.tests.BookFlightTest@44d52de2]" started-at="2021-01-30T01:17:41 EST" name="findFlightPage" finished-at="2021-01-30T01:17:45 EST" depends-on-methods="com.newtours.tests.BookFlightTest.flightDetailsPage" duration-ms="3923" status="PASS">
          <reporter-output>
          </reporter-output>
        </test-method> <!-- findFlightPage -->
        <test-method signature="flightConfirmationPage()[pri:0, instance:com.newtours.tests.BookFlightTest@44d52de2]" started-at="2021-01-30T01:17:45 EST" name="flightConfirmationPage" finished-at="2021-01-30T01:17:47 EST" depends-on-methods="com.newtours.tests.BookFlightTest.findFlightPage" duration-ms="1931" status="PASS">
          <reporter-output>
          </reporter-output>
        </test-method> <!-- flightConfirmationPage -->
        <test-method is-config="true" signature="quitDriver()[pri:0, instance:com.newtours.tests.BookFlightTest@44d52de2]" started-at="2021-01-30T01:17:47 EST" name="quitDriver" finished-at="2021-01-30T01:17:47 EST" duration-ms="278" status="PASS">
          <reporter-output>
          </reporter-output>
        </test-method> <!-- quitDriver -->
      </class> <!-- com.newtours.tests.BookFlightTest -->
    </test> <!-- book-flight-4 -->
  </suite> <!-- book-flight-module -->
</testng-results>
