<?xml version="1.0" encoding="UTF-8"?>
<!-- Generated by org.testng.reporters.JUnitXMLReporter -->
<testsuite ignored="0" hostname="localhost.localdomain" failures="0" tests="5" name="book-flight-4" time="30.06" errors="0" timestamp="2021-01-30T01:17:47 EST">
  <testcase classname="com.newtours.tests.BookFlightTest" name="registrationPage" time="14.905"/>
  <testcase classname="com.newtours.tests.BookFlightTest" name="registrationConfirmationPage" time="1.252"/>
  <testcase classname="com.newtours.tests.BookFlightTest" name="flightDetailsPage" time="4.505"/>
  <testcase classname="com.newtours.tests.BookFlightTest" name="findFlightPage" time="3.923"/>
  <testcase classname="com.newtours.tests.BookFlightTest" name="flightConfirmationPage" time="1.931"/>
</testsuite> <!-- book-flight-4 -->
