<?xml version="1.0" encoding="UTF-8"?>
<!-- Generated by org.testng.reporters.JUnitXMLReporter -->
<testsuite ignored="0" hostname="localhost.localdomain" failures="0" tests="5" name="book-flight-3" time="27.749" errors="0" timestamp="2021-01-30T01:17:45 EST">
  <testcase classname="com.newtours.tests.BookFlightTest" name="registrationPage" time="14.201"/>
  <testcase classname="com.newtours.tests.BookFlightTest" name="registrationConfirmationPage" time="1.035"/>
  <testcase classname="com.newtours.tests.BookFlightTest" name="flightDetailsPage" time="3.04"/>
  <testcase classname="com.newtours.tests.BookFlightTest" name="findFlightPage" time="3.507"/>
  <testcase classname="com.newtours.tests.BookFlightTest" name="flightConfirmationPage" time="2.696"/>
</testsuite> <!-- book-flight-3 -->
