<?xml version="1.0" encoding="UTF-8"?>
<!-- Generated by org.testng.reporters.JUnitXMLReporter -->
<testsuite ignored="0" hostname="localhost.localdomain" failures="0" tests="5" name="book-flight-1" time="28.31" errors="0" timestamp="2021-01-30T01:17:46 EST">
  <testcase classname="com.newtours.tests.BookFlightTest" name="registrationPage" time="14.222"/>
  <testcase classname="com.newtours.tests.BookFlightTest" name="registrationConfirmationPage" time="0.94"/>
  <testcase classname="com.newtours.tests.BookFlightTest" name="flightDetailsPage" time="3.625"/>
  <testcase classname="com.newtours.tests.BookFlightTest" name="findFlightPage" time="3.632"/>
  <testcase classname="com.newtours.tests.BookFlightTest" name="flightConfirmationPage" time="2.606"/>
</testsuite> <!-- book-flight-1 -->
